<?xml version="1.0" encoding="UTF-8"?>
<!-- Generated by org.testng.reporters.JUnitXMLReporter -->
<testsuite ignored="0" hostname="DESKTOP-654MNJS" failures="0" tests="19" name="Surefire test" time="26.981" errors="0" timestamp="2025-02-16T04:14:28 PKT">
  <testcase classname="OrangeHRMwebsitePractice.firstTestCase" name="openApp" time="20.251"/>
  <testcase classname="OrangeHRMwebsitePractice.firstTestCase" name="checkLogo" time="3.258"/>
  <testcase classname="OrangeHRMwebsitePractice.firstTestCase" name="login" time="2.57"/>
  <testcase classname="OrangeHRMwebsitePractice.firstTestCase" name="logout" time="0.708"/>
  <testcase classname="OrangeHRMwebsitePractice.LoginTests" name="LoginWithEmail" time="0.005"/>
  <testcase classname="OrangeHRMwebsitePractice.LoginTests" name="LoginWithGoogle" time="0.0"/>
  <testcase classname="OrangeHRMwebsitePractice.LoginTests" name="LoginWithFacebook" time="0.003"/>
  <testcase classname="OrangeHRMwebsitePractice.LoginTests" name="LoginWithInstagram" time="0.0"/>
  <testcase classname="OrangeHRMwebsitePractice.PaymentTests" name="PaymentWithEmail" time="0.005"/>
  <testcase classname="OrangeHRMwebsitePractice.PaymentTests" name="PaymentWithGoogle" time="0.0"/>
  <testcase classname="OrangeHRMwebsitePractice.PaymentTests" name="PaymentWithFacebook" time="0.0"/>
  <testcase classname="OrangeHRMwebsitePractice.PaymentTests" name="PaymentWithInstagram" time="0.005"/>
  <testcase classname="OrangeHRMwebsitePractice.SignUpTests" name="SignUpWithEmail" time="0.0"/>
  <testcase classname="OrangeHRMwebsitePractice.SignUpTests" name="SignUpWithGoogle" time="0.0"/>
  <testcase classname="OrangeHRMwebsitePractice.SignUpTests" name="SignUpWithFacebook" time="0.005"/>
  <testcase classname="OrangeHRMwebsitePractice.SignUpTests" name="SignUpWithInstagram" time="0.0"/>
  <testcase classname="TestNg.firstTestCase" name="openApp" time="0.0"/>
  <testcase classname="TestNg.firstTestCase" name="login" time="0.0"/>
  <testcase classname="TestNg.firstTestCase" name="logout" time="0.005"/>
</testsuite> <!-- Surefire test -->
