<?xml version="1.0" encoding="UTF-8"?>
<testng-results ignored="0" total="19" passed="19" failed="0" skipped="0">
  <reporter-output>
  </reporter-output>
  <suite started-at="2025-02-16T04:14:01 PKT" name="Surefire suite" finished-at="2025-02-16T04:14:28 PKT" duration-ms="26981">
    <groups>
      <group name="regression">
        <method signature="PaymentTests.PaymentWithEmail()[pri:1, instance:OrangeHRMwebsitePractice.PaymentTests@6646153]" name="PaymentWithEmail" class="OrangeHRMwebsitePractice.PaymentTests"/>
        <method signature="SignUpTests.SignUpWithEmail()[pri:1, instance:OrangeHRMwebsitePractice.SignUpTests@21507a04]" name="SignUpWithEmail" class="OrangeHRMwebsitePractice.SignUpTests"/>
        <method signature="PaymentTests.PaymentWithGoogle()[pri:2, instance:OrangeHRMwebsitePractice.PaymentTests@6646153]" name="PaymentWithGoogle" class="OrangeHRMwebsitePractice.PaymentTests"/>
        <method signature="SignUpTests.SignUpWithGoogle()[pri:2, instance:OrangeHRMwebsitePractice.SignUpTests@21507a04]" name="SignUpWithGoogle" class="OrangeHRMwebsitePractice.SignUpTests"/>
        <method signature="PaymentTests.PaymentWithFacebook()[pri:3, instance:OrangeHRMwebsitePractice.PaymentTests@6646153]" name="PaymentWithFacebook" class="OrangeHRMwebsitePractice.PaymentTests"/>
        <method signature="SignUpTests.SignUpWithFacebook()[pri:3, instance:OrangeHRMwebsitePractice.SignUpTests@21507a04]" name="SignUpWithFacebook" class="OrangeHRMwebsitePractice.SignUpTests"/>
        <method signature="PaymentTests.PaymentWithInstagram()[pri:4, instance:OrangeHRMwebsitePractice.PaymentTests@6646153]" name="PaymentWithInstagram" class="OrangeHRMwebsitePractice.PaymentTests"/>
        <method signature="SignUpTests.SignUpWithInstagram()[pri:4, instance:OrangeHRMwebsitePractice.SignUpTests@21507a04]" name="SignUpWithInstagram" class="OrangeHRMwebsitePractice.SignUpTests"/>
      </group> <!-- regression -->
      <group name="sanity">
        <method signature="LoginTests.LoginWithEmail()[pri:1, instance:OrangeHRMwebsitePractice.LoginTests@78b1cc93]" name="LoginWithEmail" class="OrangeHRMwebsitePractice.LoginTests"/>
        <method signature="PaymentTests.PaymentWithEmail()[pri:1, instance:OrangeHRMwebsitePractice.PaymentTests@6646153]" name="PaymentWithEmail" class="OrangeHRMwebsitePractice.PaymentTests"/>
        <method signature="LoginTests.LoginWithGoogle()[pri:2, instance:OrangeHRMwebsitePractice.LoginTests@78b1cc93]" name="LoginWithGoogle" class="OrangeHRMwebsitePractice.LoginTests"/>
        <method signature="PaymentTests.PaymentWithGoogle()[pri:2, instance:OrangeHRMwebsitePractice.PaymentTests@6646153]" name="PaymentWithGoogle" class="OrangeHRMwebsitePractice.PaymentTests"/>
        <method signature="LoginTests.LoginWithFacebook()[pri:3, instance:OrangeHRMwebsitePractice.LoginTests@78b1cc93]" name="LoginWithFacebook" class="OrangeHRMwebsitePractice.LoginTests"/>
        <method signature="PaymentTests.PaymentWithFacebook()[pri:3, instance:OrangeHRMwebsitePractice.PaymentTests@6646153]" name="PaymentWithFacebook" class="OrangeHRMwebsitePractice.PaymentTests"/>
        <method signature="LoginTests.LoginWithInstagram()[pri:4, instance:OrangeHRMwebsitePractice.LoginTests@78b1cc93]" name="LoginWithInstagram" class="OrangeHRMwebsitePractice.LoginTests"/>
        <method signature="PaymentTests.PaymentWithInstagram()[pri:4, instance:OrangeHRMwebsitePractice.PaymentTests@6646153]" name="PaymentWithInstagram" class="OrangeHRMwebsitePractice.PaymentTests"/>
      </group> <!-- sanity -->
    </groups>
    <test started-at="2025-02-16T04:14:01 PKT" name="Surefire test" finished-at="2025-02-16T04:14:28 PKT" duration-ms="26981">
      <class name="OrangeHRMwebsitePractice.PaymentTests">
        <test-method signature="PaymentWithEmail()[pri:1, instance:OrangeHRMwebsitePractice.PaymentTests@6646153]" started-at="2025-02-16T04:14:28 PKT" name="PaymentWithEmail" finished-at="2025-02-16T04:14:28 PKT" duration-ms="5" status="PASS">
          <reporter-output>
          </reporter-output>
        </test-method> <!-- PaymentWithEmail -->
        <test-method signature="PaymentWithGoogle()[pri:2, instance:OrangeHRMwebsitePractice.PaymentTests@6646153]" started-at="2025-02-16T04:14:28 PKT" name="PaymentWithGoogle" finished-at="2025-02-16T04:14:28 PKT" duration-ms="0" status="PASS">
          <reporter-output>
          </reporter-output>
        </test-method> <!-- PaymentWithGoogle -->
        <test-method signature="PaymentWithInstagram()[pri:4, instance:OrangeHRMwebsitePractice.PaymentTests@6646153]" started-at="2025-02-16T04:14:28 PKT" name="PaymentWithInstagram" finished-at="2025-02-16T04:14:28 PKT" duration-ms="5" status="PASS">
          <reporter-output>
          </reporter-output>
        </test-method> <!-- PaymentWithInstagram -->
        <test-method signature="PaymentWithFacebook()[pri:3, instance:OrangeHRMwebsitePractice.PaymentTests@6646153]" started-at="2025-02-16T04:14:28 PKT" name="PaymentWithFacebook" finished-at="2025-02-16T04:14:28 PKT" duration-ms="0" status="PASS">
          <reporter-output>
          </reporter-output>
        </test-method> <!-- PaymentWithFacebook -->
      </class> <!-- OrangeHRMwebsitePractice.PaymentTests -->
      <class name="TestNg.firstTestCase">
        <test-method signature="openApp()[pri:1, instance:TestNg.firstTestCase@143640d5]" started-at="2025-02-16T04:14:28 PKT" name="openApp" finished-at="2025-02-16T04:14:28 PKT" duration-ms="0" status="PASS">
          <reporter-output>
          </reporter-output>
        </test-method> <!-- openApp -->
        <test-method signature="login()[pri:2, instance:TestNg.firstTestCase@143640d5]" started-at="2025-02-16T04:14:28 PKT" name="login" finished-at="2025-02-16T04:14:28 PKT" duration-ms="0" status="PASS">
          <reporter-output>
          </reporter-output>
        </test-method> <!-- login -->
        <test-method signature="logout()[pri:3, instance:TestNg.firstTestCase@143640d5]" started-at="2025-02-16T04:14:28 PKT" name="logout" finished-at="2025-02-16T04:14:28 PKT" duration-ms="5" status="PASS">
          <reporter-output>
          </reporter-output>
        </test-method> <!-- logout -->
      </class> <!-- TestNg.firstTestCase -->
      <class name="OrangeHRMwebsitePractice.SignUpTests">
        <test-method signature="SignUpWithEmail()[pri:1, instance:OrangeHRMwebsitePractice.SignUpTests@21507a04]" started-at="2025-02-16T04:14:28 PKT" name="SignUpWithEmail" finished-at="2025-02-16T04:14:28 PKT" duration-ms="0" status="PASS">
          <reporter-output>
          </reporter-output>
        </test-method> <!-- SignUpWithEmail -->
        <test-method signature="SignUpWithGoogle()[pri:2, instance:OrangeHRMwebsitePractice.SignUpTests@21507a04]" started-at="2025-02-16T04:14:28 PKT" name="SignUpWithGoogle" finished-at="2025-02-16T04:14:28 PKT" duration-ms="0" status="PASS">
          <reporter-output>
          </reporter-output>
        </test-method> <!-- SignUpWithGoogle -->
        <test-method signature="SignUpWithFacebook()[pri:3, instance:OrangeHRMwebsitePractice.SignUpTests@21507a04]" started-at="2025-02-16T04:14:28 PKT" name="SignUpWithFacebook" finished-at="2025-02-16T04:14:28 PKT" duration-ms="5" status="PASS">
          <reporter-output>
          </reporter-output>
        </test-method> <!-- SignUpWithFacebook -->
        <test-method signature="SignUpWithInstagram()[pri:4, instance:OrangeHRMwebsitePractice.SignUpTests@21507a04]" started-at="2025-02-16T04:14:28 PKT" name="SignUpWithInstagram" finished-at="2025-02-16T04:14:28 PKT" duration-ms="0" status="PASS">
          <reporter-output>
          </reporter-output>
        </test-method> <!-- SignUpWithInstagram -->
      </class> <!-- OrangeHRMwebsitePractice.SignUpTests -->
      <class name="OrangeHRMwebsitePractice.LoginTests">
        <test-method signature="LoginWithEmail()[pri:1, instance:OrangeHRMwebsitePractice.LoginTests@78b1cc93]" started-at="2025-02-16T04:14:28 PKT" name="LoginWithEmail" finished-at="2025-02-16T04:14:28 PKT" duration-ms="5" status="PASS">
          <reporter-output>
          </reporter-output>
        </test-method> <!-- LoginWithEmail -->
        <test-method signature="LoginWithGoogle()[pri:2, instance:OrangeHRMwebsitePractice.LoginTests@78b1cc93]" started-at="2025-02-16T04:14:28 PKT" name="LoginWithGoogle" finished-at="2025-02-16T04:14:28 PKT" duration-ms="0" status="PASS">
          <reporter-output>
          </reporter-output>
        </test-method> <!-- LoginWithGoogle -->
        <test-method signature="LoginWithFacebook()[pri:3, instance:OrangeHRMwebsitePractice.LoginTests@78b1cc93]" started-at="2025-02-16T04:14:28 PKT" name="LoginWithFacebook" finished-at="2025-02-16T04:14:28 PKT" duration-ms="3" status="PASS">
          <reporter-output>
          </reporter-output>
        </test-method> <!-- LoginWithFacebook -->
        <test-method signature="LoginWithInstagram()[pri:4, instance:OrangeHRMwebsitePractice.LoginTests@78b1cc93]" started-at="2025-02-16T04:14:28 PKT" name="LoginWithInstagram" finished-at="2025-02-16T04:14:28 PKT" duration-ms="0" status="PASS">
          <reporter-output>
          </reporter-output>
        </test-method> <!-- LoginWithInstagram -->
      </class> <!-- OrangeHRMwebsitePractice.LoginTests -->
      <class name="OrangeHRMwebsitePractice.firstTestCase">
        <test-method signature="openApp()[pri:1, instance:OrangeHRMwebsitePractice.firstTestCase@6b419da]" started-at="2025-02-16T04:14:01 PKT" name="openApp" finished-at="2025-02-16T04:14:21 PKT" duration-ms="20251" status="PASS">
          <reporter-output>
          </reporter-output>
        </test-method> <!-- openApp -->
        <test-method signature="checkLogo()[pri:2, instance:OrangeHRMwebsitePractice.firstTestCase@6b419da]" started-at="2025-02-16T04:14:21 PKT" name="checkLogo" finished-at="2025-02-16T04:14:24 PKT" duration-ms="3258" status="PASS">
          <reporter-output>
          </reporter-output>
        </test-method> <!-- checkLogo -->
        <test-method signature="login()[pri:3, instance:OrangeHRMwebsitePractice.firstTestCase@6b419da]" started-at="2025-02-16T04:14:24 PKT" name="login" finished-at="2025-02-16T04:14:27 PKT" duration-ms="2570" status="PASS">
          <reporter-output>
          </reporter-output>
        </test-method> <!-- login -->
        <test-method signature="logout()[pri:4, instance:OrangeHRMwebsitePractice.firstTestCase@6b419da]" started-at="2025-02-16T04:14:27 PKT" name="logout" finished-at="2025-02-16T04:14:28 PKT" duration-ms="708" status="PASS">
          <reporter-output>
          </reporter-output>
        </test-method> <!-- logout -->
      </class> <!-- OrangeHRMwebsitePractice.firstTestCase -->
    </test> <!-- Surefire test -->
  </suite> <!-- Surefire suite -->
</testng-results>
