<?xml version="1.0" encoding="UTF-8"?>
<testsuite xmlns:xsi="http://www.w3.org/2001/XMLSchema-instance" xsi:noNamespaceSchemaLocation="https://maven.apache.org/surefire/maven-surefire-plugin/xsd/surefire-test-report.xsd" name="TestSuite" time="20.645" tests="24" errors="0" skipped="4" failures="1">
  <properties>
[...]
</properties>
  <testcase name="openApp" classname="OrangeHRMwebsitePractice.firstTestCase" time="12.67"/>
  <testcase name="checkLogo" classname="OrangeHRMwebsitePractice.firstTestCase" time="3.198"/>
  <testcase name="login" classname="OrangeHRMwebsitePractice.firstTestCase" time="2.401"/>
  <testcase name="logout" classname="OrangeHRMwebsitePractice.firstTestCase" time="0.314"/>
  <testcase name="LoginWithEmail" classname="OrangeHRMwebsitePractice.LoginTests" time="0"/>
  <testcase name="LoginWithGoogle" classname="OrangeHRMwebsitePractice.LoginTests" time="0"/>
  <testcase name="LoginWithFacebook" classname="OrangeHRMwebsitePractice.LoginTests" time="0.02"/>
  <testcase name="LoginWithInstagram" classname="OrangeHRMwebsitePractice.LoginTests" time="0.012"/>
  <testcase name="setup" classname="OrangeHRMwebsitePractice.ParamTest" time="0.033">
    <failure message="&#10;Parameter &apos;browser&apos; is required by BeforeClass on method setup but has not been marked @Optional or defined&#10;" type="org.testng.TestNGException">org.testng.TestNGException: 

Parameter 'browser' is required by BeforeClass on method setup but has not been marked @Optional or defined

</failure>
  </testcase>
  <testcase name="testLogo" classname="OrangeHRMwebsitePractice.ParamTest" time="0">
    <skipped message="&#10;Parameter &apos;browser&apos; is required by BeforeClass on method setup but has not been marked @Optional or defined&#10;"/>
  </testcase>
  <testcase name="testUrl" classname="OrangeHRMwebsitePractice.ParamTest" time="0">
    <skipped message="&#10;Parameter &apos;browser&apos; is required by BeforeClass on method setup but has not been marked @Optional or defined&#10;"/>
  </testcase>
  <testcase name="testTitle" classname="OrangeHRMwebsitePractice.ParamTest" time="0">
    <skipped message="&#10;Parameter &apos;browser&apos; is required by BeforeClass on method setup but has not been marked @Optional or defined&#10;"/>
  </testcase>
  <testcase name="close" classname="OrangeHRMwebsitePractice.ParamTest" time="0">
    <skipped/>
  </testcase>
  <testcase name="PaymentWithEmail" classname="OrangeHRMwebsitePractice.PaymentTests" time="0"/>
  <testcase name="PaymentWithGoogle" classname="OrangeHRMwebsitePractice.PaymentTests" time="0"/>
  <testcase name="PaymentWithFacebook" classname="OrangeHRMwebsitePractice.PaymentTests" time="0"/>
  <testcase name="PaymentWithInstagram" classname="OrangeHRMwebsitePractice.PaymentTests" time="0"/>
  <testcase name="SignUpWithEmail" classname="OrangeHRMwebsitePractice.SignUpTests" time="0"/>
  <testcase name="SignUpWithGoogle" classname="OrangeHRMwebsitePractice.SignUpTests" time="0"/>
  <testcase name="SignUpWithFacebook" classname="OrangeHRMwebsitePractice.SignUpTests" time="0"/>
  <testcase name="SignUpWithInstagram" classname="OrangeHRMwebsitePractice.SignUpTests" time="0.003"/>
  <testcase name="openApp" classname="TestNg.firstTestCase" time="0"/>
  <testcase name="login" classname="TestNg.firstTestCase" time="0"/>
  <testcase name="logout" classname="TestNg.firstTestCase" time="0"/>
</testsuite>